Info: CustomCategory:Octo Scrum: 248 mini seconds publishing element
Info: SupportingMaterial:scrum_overview: 145 mini seconds publishing element
Info: RoleSet:scrum_roles: 19 mini seconds publishing element
Info: Role:product_owner: 427 mini seconds publishing element
Info: Task:release_planning: 181 mini seconds publishing element
Info: Task:sprint_planning_meeting: 20 mini seconds publishing element
Info: Task:sprint_retrospective: 17 mini seconds publishing element
Info: Task:sprint_review_meeting: 20 mini seconds publishing element
Info: Artifact:product_backlog: 261 mini seconds publishing element
Info: Example:example_product_backlog: 165 mini seconds publishing element
Info: Template:burndown_chart: 82 mini seconds publishing element
Info: Role:scrummaster: 53 mini seconds publishing element
Info: Task:the_daily_scrum: 18 mini seconds publishing element
Info: Role:scrum_team: 70 mini seconds publishing element
Info: Task:estimating_the_backlog: 17 mini seconds publishing element
Info: Artifact:potentially_shippable_product_incremement: 18 mini seconds publishing element
Info: Artifact:release_burndown_chart: 24 mini seconds publishing element
Info: Artifact:sprint_backlog: 27 mini seconds publishing element
Info: Example:alternative_release_burndown_chart: 15 mini seconds publishing element
Info: Artifact:sprint_burndown_chart: 17 mini seconds publishing element
Info: Artifact:taskboard: 19 mini seconds publishing element
Info: WorkProductType:scrum_work_products: 19 mini seconds publishing element
Info: Task:prioritizing_the_backlog: 17 mini seconds publishing element
Info: Discipline:scrum_activities: 17 mini seconds publishing element
Info: CustomCategory:scrum_guidance: 16 mini seconds publishing element
Info: Guideline:scrum_of_scrums: 17 mini seconds publishing element
Info: Guideline:estimation_techniques: 16 mini seconds publishing element
Info: Guideline:prioritizing_the_backlog: 15 mini seconds publishing element
Info: SupportingMaterial:scrum_references: 18 mini seconds publishing element
Info: Concept:story_points: 18 mini seconds publishing element
Info: : Publishing time: 0 minutes 6 seconds
